<?xml version="1.0" encoding="UTF-8"?>
<!-- Generated by org.testng.reporters.JUnitReportReporter -->
<testsuite hostname="DESKTOP-0SGD7C0" failures="0" tests="1" name="demoproject.LoginPageTest" time="8.341" errors="0" timestamp="2025-10-21T06:28:43 BST" skipped="0">
  <testcase classname="demoproject.LoginPageTest" name="verifyValidCredentials" time="8.341"/>
</testsuite> <!-- demoproject.LoginPageTest -->
