<?xml version="1.0" encoding="UTF-8"?>
<!-- Generated by org.testng.reporters.JUnitReportReporter -->
<testsuite hostname="DESKTOP-0SGD7C0" failures="0" tests="2" name="sampletest.TestAnnotations" time="0.094" errors="0" timestamp="2025-10-16T09:47:51 BST" skipped="0">
  <testcase classname="sampletest.TestAnnotations" name="method2" time="0.020"/>
  <testcase classname="sampletest.TestAnnotations" name="method1" time="0.074"/>
</testsuite> <!-- sampletest.TestAnnotations -->
