<?xml version="1.0" encoding="UTF-8"?>
<!-- Generated by org.testng.reporters.JUnitReportReporter -->
<testsuite hostname="DESKTOP-0SGD7C0" failures="0" tests="1" name="sampletest.Annotation" time="0.017" errors="0" timestamp="2025-10-17T08:54:55 BST" skipped="0">
  <testcase classname="sampletest.Annotation" name="method" time="0.017"/>
</testsuite> <!-- sampletest.Annotation -->
