<?xml version="1.0" encoding="UTF-8"?>
<!-- Generated by org.testng.reporters.JUnitReportReporter -->
<testsuite hostname="DESKTOP-0SGD7C0" failures="0" tests="1" name="sampletest.NewTest" time="0.042" errors="0" timestamp="2025-10-16T09:35:16 BST" skipped="0">
  <testcase classname="sampletest.NewTest" name="print" time="0.042"/>
</testsuite> <!-- sampletest.NewTest -->
