<?xml version="1.0" encoding="UTF-8"?>
<!-- Generated by org.testng.reporters.JUnitReportReporter -->
<testsuite hostname="DESKTOP-0SGD7C0" failures="0" tests="1" name="sampletest.JavescriptExecuter" time="13.309" errors="0" timestamp="2025-10-16T10:25:02 BST" skipped="0">
  <testcase classname="sampletest.JavescriptExecuter" name="javascriptExample" time="13.309"/>
</testsuite> <!-- sampletest.JavescriptExecuter -->
